[06-Nov-2025 13:40:53 Europe/Berlin] PHP Warning:  include_once(../config/database.php): Failed to open stream: No such file or directory in C:\xampp\htdocs\clinic_web\test.php on line 8
[06-Nov-2025 13:40:53 Europe/Berlin] PHP Warning:  include_once(): Failed opening '../config/database.php' for inclusion (include_path='C:\xampp\php\PEAR') in C:\xampp\htdocs\clinic_web\test.php on line 8
[06-Nov-2025 13:40:53 Europe/Berlin] PHP Fatal error:  Uncaught Error: Call to undefined function handleCors() in C:\xampp\htdocs\clinic_web\test.php:9
Stack trace:
#0 {main}
  thrown in C:\xampp\htdocs\clinic_web\test.php on line 9
[06-Nov-2025 13:44:21 Europe/Berlin] PHP Warning:  include_once(../config/database.php): Failed to open stream: No such file or directory in C:\xampp\htdocs\clinic_web\test.php on line 8
[06-Nov-2025 13:44:21 Europe/Berlin] PHP Warning:  include_once(): Failed opening '../config/database.php' for inclusion (include_path='C:\xampp\php\PEAR') in C:\xampp\htdocs\clinic_web\test.php on line 8
[06-Nov-2025 13:44:21 Europe/Berlin] PHP Fatal error:  Uncaught Error: Call to undefined function handleCors() in C:\xampp\htdocs\clinic_web\test.php:9
Stack trace:
#0 {main}
  thrown in C:\xampp\htdocs\clinic_web\test.php on line 9
[06-Nov-2025 13:54:28 Europe/Berlin] PHP Warning:  include_once(../config/database.php): Failed to open stream: No such file or directory in C:\xampp\htdocs\clinic_web\test.php on line 8
[06-Nov-2025 13:54:28 Europe/Berlin] PHP Warning:  include_once(): Failed opening '../config/database.php' for inclusion (include_path='C:\xampp\php\PEAR') in C:\xampp\htdocs\clinic_web\test.php on line 8
[06-Nov-2025 13:54:28 Europe/Berlin] PHP Fatal error:  Uncaught Error: Call to undefined function handleCors() in C:\xampp\htdocs\clinic_web\test.php:9
Stack trace:
#0 {main}
  thrown in C:\xampp\htdocs\clinic_web\test.php on line 9
[06-Nov-2025 13:54:38 Europe/Berlin] PHP Warning:  include_once(../config/database.php): Failed to open stream: No such file or directory in C:\xampp\htdocs\clinic_web\test.php on line 8
[06-Nov-2025 13:54:38 Europe/Berlin] PHP Warning:  include_once(): Failed opening '../config/database.php' for inclusion (include_path='C:\xampp\php\PEAR') in C:\xampp\htdocs\clinic_web\test.php on line 8
[06-Nov-2025 13:54:38 Europe/Berlin] PHP Fatal error:  Uncaught Error: Call to undefined function handleCors() in C:\xampp\htdocs\clinic_web\test.php:9
Stack trace:
#0 {main}
  thrown in C:\xampp\htdocs\clinic_web\test.php on line 9
